17005:C 19 Nov 16:32:20.750 # Warning: no config file specified, using the default config. In order to specify a config file use redis-server /path/to/redis.conf
17005:M 19 Nov 16:32:20.752 * Increased maximum number of open files to 10032 (it was originally set to 256).
                _._                                                  
           _.-``__ ''-._                                             
      _.-``    `.  `_.  ''-._           Redis 3.0.5 (00000000/0) 64 bit
  .-`` .-```.  ```\/    _.,_ ''-._                                   
 (    '      ,       .-`  | `,    )     Running in standalone mode
 |`-._`-...-` __...-.``-._|'` _.-'|     Port: 6379
 |    `-._   `._    /     _.-'    |     PID: 17005
  `-._    `-._  `-./  _.-'    _.-'                                   
 |`-._`-._    `-.__.-'    _.-'_.-'|                                  
 |    `-._`-._        _.-'_.-'    |           http://redis.io        
  `-._    `-._`-.__.-'_.-'    _.-'                                   
 |`-._`-._    `-.__.-'    _.-'_.-'|                                  
 |    `-._`-._        _.-'_.-'    |                                  
  `-._    `-._`-.__.-'_.-'    _.-'                                   
      `-._    `-.__.-'    _.-'                                       
          `-._        _.-'                                           
              `-.__.-'                                               

17005:M 19 Nov 16:32:20.762 # Server started, Redis version 3.0.5
17005:M 19 Nov 16:32:20.762 * The server is now ready to accept connections on port 6379
17005:M 19 Nov 16:48:53.448 * 100 changes in 300 seconds. Saving...
17005:M 19 Nov 16:48:53.450 * Background saving started by pid 17260
17260:C 19 Nov 16:48:53.462 * DB saved on disk
17005:M 19 Nov 16:48:53.555 * Background saving terminated with success
17005:M 19 Nov 16:53:54.008 * 100 changes in 300 seconds. Saving...
17005:M 19 Nov 16:53:54.011 * Background saving started by pid 17313
17313:C 19 Nov 16:53:54.025 * DB saved on disk
17005:M 19 Nov 16:53:54.112 * Background saving terminated with success
17005:M 19 Nov 16:59:15.912 * 100 changes in 300 seconds. Saving...
17005:M 19 Nov 16:59:15.914 * Background saving started by pid 17318
17318:C 19 Nov 16:59:15.930 * DB saved on disk
17005:M 19 Nov 16:59:16.019 * Background saving terminated with success
17005:M 19 Nov 17:04:17.085 * 100 changes in 300 seconds. Saving...
17005:M 19 Nov 17:04:17.088 * Background saving started by pid 17320
17320:C 19 Nov 17:04:17.107 * DB saved on disk
17005:M 19 Nov 17:04:17.189 * Background saving terminated with success
17005:M 23 Nov 15:14:13.759 * 1 changes in 3600 seconds. Saving...
17005:M 23 Nov 15:14:13.765 * Background saving started by pid 22087
22087:C 23 Nov 15:14:13.788 * DB saved on disk
17005:M 23 Nov 15:14:13.865 * Background saving terminated with success
17005:M 23 Nov 15:19:14.020 * 100 changes in 300 seconds. Saving...
17005:M 23 Nov 15:19:14.022 * Background saving started by pid 22092
22092:C 23 Nov 15:19:14.049 * DB saved on disk
17005:M 23 Nov 15:19:14.124 * Background saving terminated with success
17005:M 23 Nov 15:24:15.073 * 100 changes in 300 seconds. Saving...
17005:M 23 Nov 15:24:15.076 * Background saving started by pid 22112
22112:C 23 Nov 15:24:15.101 * DB saved on disk
17005:M 23 Nov 15:24:15.177 * Background saving terminated with success
17005:M 23 Nov 15:27:06.739 * 10000 changes in 60 seconds. Saving...
17005:M 23 Nov 15:27:06.742 * Background saving started by pid 22114
22114:C 23 Nov 15:27:06.789 * DB saved on disk
17005:M 23 Nov 15:27:06.846 * Background saving terminated with success
17005:M 23 Nov 15:30:48.326 * 10000 changes in 60 seconds. Saving...
17005:M 23 Nov 15:30:48.329 * Background saving started by pid 22116
22116:C 23 Nov 15:30:48.380 * DB saved on disk
17005:M 23 Nov 15:30:48.430 * Background saving terminated with success
17005:M 23 Nov 15:35:49.055 * 100 changes in 300 seconds. Saving...
17005:M 23 Nov 15:35:49.058 * Background saving started by pid 22122
22122:C 23 Nov 15:35:49.101 * DB saved on disk
17005:M 23 Nov 15:35:49.159 * Background saving terminated with success
17005:M 23 Nov 15:40:50.003 * 100 changes in 300 seconds. Saving...
17005:M 23 Nov 15:40:50.006 * Background saving started by pid 22135
22135:C 23 Nov 15:40:50.060 * DB saved on disk
17005:M 23 Nov 15:40:50.107 * Background saving terminated with success
17005:M 23 Nov 16:26:54.916 * 100 changes in 300 seconds. Saving...
17005:M 23 Nov 16:26:54.918 * Background saving started by pid 22188
22188:C 23 Nov 16:26:54.979 * DB saved on disk
17005:M 23 Nov 16:26:55.022 * Background saving terminated with success
17005:M 23 Nov 16:31:56.078 * 100 changes in 300 seconds. Saving...
17005:M 23 Nov 16:31:56.081 * Background saving started by pid 22262
22262:C 23 Nov 16:31:56.126 * DB saved on disk
17005:M 23 Nov 16:31:56.186 * Background saving terminated with success
17005:M 23 Nov 16:36:57.080 * 100 changes in 300 seconds. Saving...
17005:M 23 Nov 16:36:57.083 * Background saving started by pid 22325
22325:C 23 Nov 16:36:57.128 * DB saved on disk
17005:M 23 Nov 16:36:57.184 * Background saving terminated with success
17005:M 23 Nov 16:57:59.286 * 100 changes in 300 seconds. Saving...
17005:M 23 Nov 16:57:59.289 * Background saving started by pid 22504
22504:C 23 Nov 16:57:59.339 * DB saved on disk
17005:M 23 Nov 16:57:59.390 * Background saving terminated with success
